<?xml version="1.0" encoding="UTF-8"?>
<testsuite xmlns:xsi="http://www.w3.org/2001/XMLSchema-instance" xsi:noNamespaceSchemaLocation="https://maven.apache.org/surefire/maven-surefire-plugin/xsd/surefire-test-report-3.0.xsd" version="3.0" name="com.nhnacademy.couponapi.CouponApiApplicationTests" time="3.673" tests="1" errors="0" skipped="0" failures="0">
  <properties>
[...]
</properties>
  <testcase name="contextLoads" classname="com.nhnacademy.couponapi.CouponApiApplicationTests" time="0.326">
    <system-out><![CDATA[11:09:18.355 [main] INFO org.springframework.test.context.support.AnnotationConfigContextLoaderUtils -- Could not detect default configuration classes for test class [com.nhnacademy.couponapi.CouponApiApplicationTests]: CouponApiApplicationTests does not declare any static, non-private, non-final, nested classes annotated with @Configuration.
11:09:18.425 [main] INFO org.springframework.boot.test.context.SpringBootTestContextBootstrapper -- Found @SpringBootConfiguration com.nhnacademy.couponapi.CouponApiApplication for test class com.nhnacademy.couponapi.CouponApiApplicationTests
  .   ____          _            __ _ _
 /\\ / ___'_ __ _ _(_)_ __  __ _ \ \ \ \
( ( )\___ | '_ | '_| | '_ \/ _` | \ \ \ \
 \\/  ___)| |_)| | | | | || (_| |  ) ) ) )
  '  |____| .__|_| |_|_| |_\__, | / / / /
 =========|_|==============|___/=/_/_/_/

 :: Spring Boot ::                (v3.3.0)

2024-06-19T11:09:18.733+09:00  WARN 87334 --- [           main] ory$DuplicateJsonObjectContextCustomizer : 

Found multiple occurrences of org.json.JSONObject on the class path:

	jar:file:/Users/imchaelyeong/.m2/repository/com/vaadin/external/google/android-json/0.0.20131108.vaadin1/android-json-0.0.20131108.vaadin1.jar!/org/json/JSONObject.class
	jar:file:/Users/imchaelyeong/.m2/repository/org/json/json/20231013/json-20231013.jar!/org/json/JSONObject.class

You may wish to exclude one of them to ensure predictable runtime behavior

2024-06-19T11:09:18.746+09:00  INFO 87334 --- [           main] c.n.couponapi.CouponApiApplicationTests  : Starting CouponApiApplicationTests using Java 21.0.2 with PID 87334 (started by imchaelyeong in /Users/imchaelyeong/Desktop/yes-25-5-coupon-server)
2024-06-19T11:09:18.747+09:00  INFO 87334 --- [           main] c.n.couponapi.CouponApiApplicationTests  : The following 1 profile is active: "test"
2024-06-19T11:09:19.197+09:00  INFO 87334 --- [           main] .s.d.r.c.RepositoryConfigurationDelegate : Bootstrapping Spring Data JPA repositories in DEFAULT mode.
2024-06-19T11:09:19.233+09:00  INFO 87334 --- [           main] .s.d.r.c.RepositoryConfigurationDelegate : Finished Spring Data repository scanning in 31 ms. Found 6 JPA repository interfaces.
2024-06-19T11:09:19.355+09:00  INFO 87334 --- [           main] o.s.cloud.context.scope.GenericScope     : BeanFactory id=0c640319-6c0c-3051-b7fa-f7d8aa74a5c2
2024-06-19T11:09:19.516+09:00  INFO 87334 --- [           main] com.zaxxer.hikari.HikariDataSource       : HikariPool-1 - Starting...
2024-06-19T11:09:19.713+09:00  INFO 87334 --- [           main] com.zaxxer.hikari.pool.HikariPool        : HikariPool-1 - Added connection conn0: url=jdbc:h2:mem:84f23770-5f43-45f5-9dc5-59e33d31362c user=SA
2024-06-19T11:09:19.714+09:00  INFO 87334 --- [           main] com.zaxxer.hikari.HikariDataSource       : HikariPool-1 - Start completed.
2024-06-19T11:09:19.749+09:00  INFO 87334 --- [           main] o.hibernate.jpa.internal.util.LogHelper  : HHH000204: Processing PersistenceUnitInfo [name: default]
2024-06-19T11:09:19.795+09:00  INFO 87334 --- [           main] org.hibernate.Version                    : HHH000412: Hibernate ORM core version 6.5.2.Final
2024-06-19T11:09:19.817+09:00  INFO 87334 --- [           main] o.h.c.internal.RegionFactoryInitiator    : HHH000026: Second-level cache disabled
2024-06-19T11:09:20.017+09:00  INFO 87334 --- [           main] o.s.o.j.p.SpringPersistenceUnitInfo      : No LoadTimeWeaver setup: ignoring JPA class transformer
2024-06-19T11:09:20.718+09:00  INFO 87334 --- [           main] o.h.e.t.j.p.i.JtaPlatformInitiator       : HHH000489: No JTA platform available (set 'hibernate.transaction.jta.platform' to enable JTA platform integration)
2024-06-19T11:09:20.756+09:00  INFO 87334 --- [           main] j.LocalContainerEntityManagerFactoryBean : Initialized JPA EntityManagerFactory for persistence unit 'default'
2024-06-19T11:09:20.957+09:00  WARN 87334 --- [           main] JpaBaseConfiguration$JpaWebConfiguration : spring.jpa.open-in-view is enabled by default. Therefore, database queries may be performed during view rendering. Explicitly configure spring.jpa.open-in-view to disable this warning
2024-06-19T11:09:21.091+09:00  WARN 87334 --- [           main] .s.s.UserDetailsServiceAutoConfiguration : 

Using generated security password: 2d914f5e-11e4-4962-8e1c-59ab9caf239d

This generated password is for development use only. Your security configuration must be updated before running your application in production.

2024-06-19T11:09:21.105+09:00  INFO 87334 --- [           main] r$InitializeUserDetailsManagerConfigurer : Global AuthenticationManager configured with UserDetailsService bean with name inMemoryUserDetailsManager
2024-06-19T11:09:21.283+09:00  INFO 87334 --- [           main] o.s.s.web.DefaultSecurityFilterChain     : Will secure any request with [org.springframework.security.web.session.DisableEncodeUrlFilter@36190d6a, org.springframework.security.web.context.request.async.WebAsyncManagerIntegrationFilter@2498b498, org.springframework.security.web.context.SecurityContextHolderFilter@6212232b, org.springframework.security.web.header.HeaderWriterFilter@1b22a77c, org.springframework.web.filter.CorsFilter@21735533, org.springframework.security.web.authentication.logout.LogoutFilter@4769548f, com.nhnacademy.couponapi.common.filter.JwtFilter@6dfb7c1a, org.springframework.security.web.savedrequest.RequestCacheAwareFilter@7d9b2878, org.springframework.security.web.servletapi.SecurityContextHolderAwareRequestFilter@27e378d3, org.springframework.security.web.authentication.AnonymousAuthenticationFilter@1cc909f5, org.springframework.security.web.access.ExceptionTranslationFilter@771b81af, org.springframework.security.web.access.intercept.AuthorizationFilter@2cb7d48d]
2024-06-19T11:09:21.563+09:00  INFO 87334 --- [           main] c.n.couponapi.CouponApiApplicationTests  : Started CouponApiApplicationTests in 3.033 seconds (process running for 3.751)
]]></system-out>
    <system-err><![CDATA[WARNING: A Java agent has been loaded dynamically (/Users/imchaelyeong/.m2/repository/net/bytebuddy/byte-buddy-agent/1.14.16/byte-buddy-agent-1.14.16.jar)
WARNING: If a serviceability tool is in use, please run with -XX:+EnableDynamicAgentLoading to hide this warning
WARNING: If a serviceability tool is not in use, please run with -Djdk.instrument.traceUsage for more information
WARNING: Dynamic loading of agents will be disallowed by default in a future release
]]></system-err>
  </testcase>
</testsuite>